12:36:02.125 [TestNG-tests-3] TRACE io.netty.channel.nio.NioEventLoop - instrumented a special java.util.Set into: sun.nio.ch.WindowsSelectorImpl@567c9829
12:36:02.132 [TestNG-tests-3] TRACE io.netty.channel.nio.NioEventLoop - instrumented a special java.util.Set into: sun.nio.ch.WindowsSelectorImpl@5e3c7949
12:36:02.134 [TestNG-tests-3] TRACE io.netty.channel.nio.NioEventLoop - instrumented a special java.util.Set into: sun.nio.ch.WindowsSelectorImpl@120e9fad
12:36:02.136 [TestNG-tests-3] TRACE io.netty.channel.nio.NioEventLoop - instrumented a special java.util.Set into: sun.nio.ch.WindowsSelectorImpl@6302da4c
12:36:02.138 [TestNG-tests-3] TRACE io.netty.channel.nio.NioEventLoop - instrumented a special java.util.Set into: sun.nio.ch.WindowsSelectorImpl@518dabd5
12:36:02.141 [TestNG-tests-3] TRACE io.netty.channel.nio.NioEventLoop - instrumented a special java.util.Set into: sun.nio.ch.WindowsSelectorImpl@6cc6769c
12:36:02.143 [TestNG-tests-3] TRACE io.netty.channel.nio.NioEventLoop - instrumented a special java.util.Set into: sun.nio.ch.WindowsSelectorImpl@a537f5e
12:36:02.168 [TestNG-tests-3] DEBUG io.netty.buffer.PooledByteBufAllocator - -Dio.netty.allocator.numHeapArenas: 16
12:36:02.169 [TestNG-tests-3] DEBUG io.netty.buffer.PooledByteBufAllocator - -Dio.netty.allocator.numDirectArenas: 16
12:36:02.169 [TestNG-tests-3] DEBUG io.netty.buffer.PooledByteBufAllocator - -Dio.netty.allocator.pageSize: 8192
12:36:02.169 [TestNG-tests-3] DEBUG io.netty.buffer.PooledByteBufAllocator - -Dio.netty.allocator.maxOrder: 11
12:36:02.169 [TestNG-tests-3] DEBUG io.netty.buffer.PooledByteBufAllocator - -Dio.netty.allocator.chunkSize: 16777216
12:36:02.169 [TestNG-tests-3] DEBUG io.netty.buffer.PooledByteBufAllocator - -Dio.netty.allocator.smallCacheSize: 256
12:36:02.169 [TestNG-tests-3] DEBUG io.netty.buffer.PooledByteBufAllocator - -Dio.netty.allocator.normalCacheSize: 64
12:36:02.169 [TestNG-tests-3] DEBUG io.netty.buffer.PooledByteBufAllocator - -Dio.netty.allocator.maxCachedBufferCapacity: 32768
12:36:02.169 [TestNG-tests-3] DEBUG io.netty.buffer.PooledByteBufAllocator - -Dio.netty.allocator.cacheTrimInterval: 8192
12:36:02.169 [TestNG-tests-3] DEBUG io.netty.buffer.PooledByteBufAllocator - -Dio.netty.allocator.cacheTrimIntervalMillis: 0
12:36:02.169 [TestNG-tests-3] DEBUG io.netty.buffer.PooledByteBufAllocator - -Dio.netty.allocator.useCacheForAllThreads: true
12:36:02.169 [TestNG-tests-3] DEBUG io.netty.buffer.PooledByteBufAllocator - -Dio.netty.allocator.maxCachedByteBuffersPerChunk: 1023
12:36:02.181 [TestNG-tests-3] DEBUG io.netty.buffer.ByteBufUtil - -Dio.netty.allocator.type: pooled
12:36:02.181 [TestNG-tests-3] DEBUG io.netty.buffer.ByteBufUtil - -Dio.netty.threadLocalDirectBufferSize: 0
12:36:02.181 [TestNG-tests-3] DEBUG io.netty.buffer.ByteBufUtil - -Dio.netty.maxThreadLocalCharBufferSize: 16384
12:36:02.934 [Forwarding newSession on session null to remote] DEBUG io.netty.channel.DefaultChannelId - -Dio.netty.processId: 25240 (auto-detected)
12:36:02.937 [Forwarding newSession on session null to remote] DEBUG io.netty.util.NetUtil - -Djava.net.preferIPv4Stack: false
12:36:02.937 [Forwarding newSession on session null to remote] DEBUG io.netty.util.NetUtil - -Djava.net.preferIPv6Addresses: false
12:36:02.947 [Forwarding newSession on session null to remote] DEBUG io.netty.util.NetUtilInitializations - Loopback interface: lo (Software Loopback Interface 1, 127.0.0.1)
12:36:02.948 [Forwarding newSession on session null to remote] DEBUG io.netty.util.NetUtil - Failed to get SOMAXCONN from sysctl and file \proc\sys\net\core\somaxconn. Default: 200
12:36:02.980 [Forwarding newSession on session null to remote] DEBUG io.netty.channel.DefaultChannelId - -Dio.netty.machineId: e4:5e:37:ff:fe:f9:25:86 (auto-detected)
12:36:03.028 [AsyncHttpClient-1-4] DEBUG io.netty.buffer.AbstractByteBuf - -Dio.netty.buffer.checkAccessible: true
12:36:03.028 [AsyncHttpClient-1-4] DEBUG io.netty.buffer.AbstractByteBuf - -Dio.netty.buffer.checkBounds: true
12:36:03.028 [AsyncHttpClient-1-4] DEBUG io.netty.util.ResourceLeakDetectorFactory - Loaded default ResourceLeakDetector: io.netty.util.ResourceLeakDetector@6932d480
12:36:03.055 [AsyncHttpClient-1-5] DEBUG io.netty.util.Recycler - -Dio.netty.recycler.maxCapacityPerThread: 4096
12:36:03.055 [AsyncHttpClient-1-5] DEBUG io.netty.util.Recycler - -Dio.netty.recycler.maxSharedCapacityFactor: 2
12:36:03.055 [AsyncHttpClient-1-5] DEBUG io.netty.util.Recycler - -Dio.netty.recycler.linkCapacity: 16
12:36:03.055 [AsyncHttpClient-1-5] DEBUG io.netty.util.Recycler - -Dio.netty.recycler.ratio: 8
12:36:03.055 [AsyncHttpClient-1-5] DEBUG io.netty.util.Recycler - -Dio.netty.recycler.delayedQueue.ratio: 8
12:36:04.874 [AsyncHttpClient-1-5] DEBUG io.netty.handler.codec.compression.Brotli - brotli4j not in the classpath; Brotli support will be unavailable.
12:36:05.351 [TestNG-tests-4] DEBUG io.netty.util.internal.ThreadLocalRandom - -Dio.netty.initialSeedUniquifier: 0xce7b2f1151e026c8
12:36:05.762 [TestNG-tests-4] DEBUG tests.LoginTest - Browser got launched
12:36:09.213 [TestNG-tests-4] DEBUG tests.LoginTest - Navigated to application URL
12:36:09.914 [TestNG-tests-4] DEBUG tests.LoginTest - Clicked on My Account dropdown
12:36:10.280 [TestNG-tests-4] DEBUG tests.LoginTest - Clicked on login option
12:36:13.573 [TestNG-tests-4] DEBUG tests.LoginTest - Email addressed got entered
12:36:13.697 [TestNG-tests-4] DEBUG tests.LoginTest - Password got entered
12:36:14.360 [TestNG-tests-4] DEBUG tests.LoginTest - Clicked on Login Button
12:36:14.459 [TestNG-tests-4] DEBUG tests.LoginTest - User got logged in
12:36:14.459 [TestNG-tests-4] INFO  tests.LoginTest - Login Test got passed
12:36:14.693 [TestNG-tests-4] DEBUG tests.LoginTest - Browser got closed
12:36:17.347 [TestNG-tests-4] DEBUG tests.LoginTest - Browser got launched
12:36:21.516 [TestNG-tests-4] DEBUG tests.LoginTest - Navigated to application URL
12:36:22.120 [TestNG-tests-4] DEBUG tests.LoginTest - Clicked on My Account dropdown
12:36:22.511 [TestNG-tests-4] DEBUG tests.LoginTest - Clicked on login option
12:36:25.591 [TestNG-tests-4] DEBUG tests.LoginTest - Email addressed got entered
12:36:25.654 [TestNG-tests-4] DEBUG tests.LoginTest - Password got entered
12:36:26.264 [TestNG-tests-4] DEBUG tests.LoginTest - Clicked on Login Button
12:36:26.297 [TestNG-tests-4] DEBUG tests.LoginTest - User got logged in
12:36:26.297 [TestNG-tests-4] ERROR tests.LoginTest - Login Test got failed
12:36:26.391 [TestNG-tests-4] DEBUG tests.LoginTest - Browser got closed
